#
# An unexpected error has occurred (11)
#
Stack:
/opt/Xilinx/Vivado/2014.4/tps/lnx64/jre/lib/amd64/server/libjvm.so(+0x89e6d9) [0x7fb5281946d9]
/opt/Xilinx/Vivado/2014.4/tps/lnx64/jre/lib/amd64/server/libjvm.so(JVM_handle_linux_signal+0xad) [0x7fb52819a4cd]
/opt/Xilinx/Vivado/2014.4/tps/lnx64/jre/lib/amd64/server/libjvm.so(+0x89b4f3) [0x7fb5281914f3]
/lib/x86_64-linux-gnu/libc.so.6(+0x36150) [0x7fb55615d150]
/opt/Xilinx/Vivado/2014.4/lib/lnx64.o/librdi_wavedata.so(SimBridge::DataObjMgr::createDrawingBTree(std::vector<SimBridge::IDataObj const*, std::allocator<SimBridge::IDataObj const*> > const&, ISIM::IGuiStatus*)+0xf2) [0x7fb52dea73e2]
/opt/Xilinx/Vivado/2014.4/lib/lnx64.o/librdi_wavedata.so(SG_Model::Model::createDrawingBTree(SG_Model::WVCompound const&, ISIM::IGuiStatus*) const+0x95) [0x7fb52deed8b5]
/opt/Xilinx/Vivado/2014.4/lib/lnx64.o/librdi_wavedata.so(SG_Model::Model::read(std::string const&, SG_Model::IReporter&, ISIM::IGuiStatus*)+0x199) [0x7fb52deeef19]
/opt/Xilinx/Vivado/2014.4/lib/lnx64.o/librdi_wavedata.so(WVDAppInterface::WVDWindowManager::openWcfg(HSTString const&, SG_Model::IDesignManager::ConnectMode, ISIM::IGuiStatus*)+0x133) [0x7fb52de70e83]
/opt/Xilinx/Vivado/2014.4/lib/lnx64.o/librdi_labtools.so(LTDDesignManager::openWcfg(HSTString const&)+0x43) [0x7fb531d45913]
/opt/Xilinx/Vivado/2014.4/lib/lnx64.o/librdi_labtools.so(LTDHWWaveImpl::openWcfg(HSTString const&)+0x7b) [0x7fb531d58e0b]
/opt/Xilinx/Vivado/2014.4/lib/lnx64.o/librdi_labtools.so(LTDHWWaveImpl::displayWave(bool, HSTString const&)+0x1d9) [0x7fb531d5da79]
/opt/Xilinx/Vivado/2014.4/lib/lnx64.o/librdi_labtoolstasks.so(LTTTDisplayHWILAData::execute(Tcl_Interp*)+0x205) [0x7fb50d0a5615]
/opt/Xilinx/Vivado/2014.4/lib/lnx64.o/librdi_common.so(+0x556583) [0x7fb55715f583]
/opt/Xilinx/Vivado/2014.4/lib/lnx64.o/libtcl8.5.so(+0x331f5) [0x7fb5520571f5]
/opt/Xilinx/Vivado/2014.4/lib/lnx64.o/libtcl8.5.so(+0x76bbe) [0x7fb55209abbe]
/opt/Xilinx/Vivado/2014.4/lib/lnx64.o/libtcl8.5.so(+0x7e767) [0x7fb5520a2767]
/opt/Xilinx/Vivado/2014.4/lib/lnx64.o/libtcl8.5.so(TclEvalObjEx+0x77) [0x7fb552059327]
/opt/Xilinx/Vivado/2014.4/lib/lnx64.o/librdi_common.so(+0x555df2) [0x7fb55715edf2]
/opt/Xilinx/Vivado/2014.4/lib/lnx64.o/libtcl8.5.so(Tcl_ServiceEvent+0x87) [0x7fb5520cbb37]
/opt/Xilinx/Vivado/2014.4/lib/lnx64.o/libtcl8.5.so(Tcl_DoOneEvent+0x129) [0x7fb5520cbe69]
/opt/Xilinx/Vivado/2014.4/lib/lnx64.o/librdi_commontasks.so(+0x2e6ec5) [0x7fb54df14ec5]
/opt/Xilinx/Vivado/2014.4/lib/lnx64.o/librdi_commontasks.so(+0x2ef62e) [0x7fb54df1d62e]
/opt/Xilinx/Vivado/2014.4/lib/lnx64.o/librdi_commontasks.so(+0x2e7163) [0x7fb54df15163]
/opt/Xilinx/Vivado/2014.4/lib/lnx64.o/librdi_common.so(+0x556583) [0x7fb55715f583]
/opt/Xilinx/Vivado/2014.4/lib/lnx64.o/libtcl8.5.so(+0x331f5) [0x7fb5520571f5]
/opt/Xilinx/Vivado/2014.4/lib/lnx64.o/libtcl8.5.so(+0x76bbe) [0x7fb55209abbe]
/opt/Xilinx/Vivado/2014.4/lib/lnx64.o/libtcl8.5.so(+0x7e767) [0x7fb5520a2767]
/opt/Xilinx/Vivado/2014.4/lib/lnx64.o/libtcl8.5.so(TclEvalObjEx+0x77) [0x7fb552059327]
/opt/Xilinx/Vivado/2014.4/lib/lnx64.o/librdi_commonmain.so(+0x7550) [0x7fb556a04550]
/opt/Xilinx/Vivado/2014.4/lib/lnx64.o/libtcl8.5.so(Tcl_Main+0x1d5) [0x7fb5520c4175]
/opt/Xilinx/Vivado/2014.4/lib/lnx64.o/librdi_common.so(+0x5854c9) [0x7fb55718e4c9]
/lib/x86_64-linux-gnu/libpthread.so.0(+0x7e9a) [0x7fb555c15e9a]
/lib/x86_64-linux-gnu/libc.so.6(clone+0x6d) [0x7fb55621a38d]
