#
# An unexpected error has occurred (11)
#
Stack:
/opt/Xilinx/Vivado/2014.4/tps/lnx64/jre/lib/amd64/server/libjvm.so(+0x89e6d9) [0x7f452e21b6d9]
/opt/Xilinx/Vivado/2014.4/tps/lnx64/jre/lib/amd64/server/libjvm.so(JVM_handle_linux_signal+0xad) [0x7f452e2214cd]
/opt/Xilinx/Vivado/2014.4/tps/lnx64/jre/lib/amd64/server/libjvm.so(+0x89b4f3) [0x7f452e2184f3]
/lib/x86_64-linux-gnu/libc.so.6(+0x36150) [0x7f455c1e4150]
/opt/Xilinx/Vivado/2014.4/lib/lnx64.o/librdi_wavedata.so(SimBridge::DataObjMgr::createDrawingBTree(std::vector<SimBridge::IDataObj const*, std::allocator<SimBridge::IDataObj const*> > const&, ISIM::IGuiStatus*)+0xf2) [0x7f4533f2e3e2]
/opt/Xilinx/Vivado/2014.4/lib/lnx64.o/librdi_wavedata.so(SG_Model::Model::createDrawingBTree(SG_Model::WVCompound const&, ISIM::IGuiStatus*) const+0x95) [0x7f4533f748b5]
/opt/Xilinx/Vivado/2014.4/lib/lnx64.o/librdi_wavedata.so(SG_Model::Model::read(std::string const&, SG_Model::IReporter&, ISIM::IGuiStatus*)+0x199) [0x7f4533f75f19]
/opt/Xilinx/Vivado/2014.4/lib/lnx64.o/librdi_wavedata.so(WVDAppInterface::WVDWindowManager::openWcfg(HSTString const&, SG_Model::IDesignManager::ConnectMode, ISIM::IGuiStatus*)+0x133) [0x7f4533ef7e83]
/opt/Xilinx/Vivado/2014.4/lib/lnx64.o/librdi_labtools.so(LTDDesignManager::openWcfg(HSTString const&)+0x43) [0x7f4537dcc913]
/opt/Xilinx/Vivado/2014.4/lib/lnx64.o/librdi_labtools.so(LTDHWWaveImpl::openWcfg(HSTString const&)+0x7b) [0x7f4537ddfe0b]
/opt/Xilinx/Vivado/2014.4/lib/lnx64.o/librdi_labtools.so(LTDHWWaveImpl::displayWave(bool, HSTString const&)+0x1d9) [0x7f4537de4a79]
/opt/Xilinx/Vivado/2014.4/lib/lnx64.o/librdi_labtoolstasks.so(LTTTDisplayHWILAData::execute(Tcl_Interp*)+0x205) [0x7f451312c615]
/opt/Xilinx/Vivado/2014.4/lib/lnx64.o/librdi_common.so(+0x556583) [0x7f455d1e6583]
/opt/Xilinx/Vivado/2014.4/lib/lnx64.o/libtcl8.5.so(+0x331f5) [0x7f45580de1f5]
/opt/Xilinx/Vivado/2014.4/lib/lnx64.o/libtcl8.5.so(+0x76bbe) [0x7f4558121bbe]
/opt/Xilinx/Vivado/2014.4/lib/lnx64.o/libtcl8.5.so(+0x7e767) [0x7f4558129767]
/opt/Xilinx/Vivado/2014.4/lib/lnx64.o/libtcl8.5.so(TclEvalObjEx+0x77) [0x7f45580e0327]
/opt/Xilinx/Vivado/2014.4/lib/lnx64.o/librdi_common.so(+0x555df2) [0x7f455d1e5df2]
/opt/Xilinx/Vivado/2014.4/lib/lnx64.o/libtcl8.5.so(Tcl_ServiceEvent+0x87) [0x7f4558152b37]
/opt/Xilinx/Vivado/2014.4/lib/lnx64.o/libtcl8.5.so(Tcl_DoOneEvent+0x129) [0x7f4558152e69]
/opt/Xilinx/Vivado/2014.4/lib/lnx64.o/librdi_commontasks.so(+0x2e6ec5) [0x7f4553f9bec5]
/opt/Xilinx/Vivado/2014.4/lib/lnx64.o/librdi_commontasks.so(+0x2ef62e) [0x7f4553fa462e]
/opt/Xilinx/Vivado/2014.4/lib/lnx64.o/librdi_commontasks.so(+0x2e7163) [0x7f4553f9c163]
/opt/Xilinx/Vivado/2014.4/lib/lnx64.o/librdi_common.so(+0x556583) [0x7f455d1e6583]
/opt/Xilinx/Vivado/2014.4/lib/lnx64.o/libtcl8.5.so(+0x331f5) [0x7f45580de1f5]
/opt/Xilinx/Vivado/2014.4/lib/lnx64.o/libtcl8.5.so(+0x76bbe) [0x7f4558121bbe]
/opt/Xilinx/Vivado/2014.4/lib/lnx64.o/libtcl8.5.so(+0x7e767) [0x7f4558129767]
/opt/Xilinx/Vivado/2014.4/lib/lnx64.o/libtcl8.5.so(TclEvalObjEx+0x77) [0x7f45580e0327]
/opt/Xilinx/Vivado/2014.4/lib/lnx64.o/librdi_commonmain.so(+0x7550) [0x7f455ca8b550]
/opt/Xilinx/Vivado/2014.4/lib/lnx64.o/libtcl8.5.so(Tcl_Main+0x1d5) [0x7f455814b175]
/opt/Xilinx/Vivado/2014.4/lib/lnx64.o/librdi_common.so(+0x5854c9) [0x7f455d2154c9]
/lib/x86_64-linux-gnu/libpthread.so.0(+0x7e9a) [0x7f455bc9ce9a]
/lib/x86_64-linux-gnu/libc.so.6(clone+0x6d) [0x7f455c2a138d]
