#-----------------------------------------------------------
# Vivado v2014.4 (64-bit)
# SW Build 1071353 on Tue Nov 18 16:47:07 MST 2014
# IP Build 1070531 on Tue Nov 18 01:10:18 MST 2014
# Start of session at: Fri Jun 26 15:36:38 2015
# Process ID: 4735
# Log file: /home/subhagato/Codes/smartheadlight_fpga/CameraLinkTest/vivado.log
# Journal file: /home/subhagato/Codes/smartheadlight_fpga/CameraLinkTest/vivado.jou
#-----------------------------------------------------------
start_gui
open_project /home/subhagato/Codes/smartheadlight_fpga/CameraLinkTest/CameraLinkTest.xpr
CRITICAL WARNING: [Project 1-19] Could not find the file '/home/subhagato/Codes/smartheadlight_fpga/CameraLinkTest/CameraLinkTest.srcs/sources_1/bd/design_1/ip/design_1_cameralink_to_axis_0_1/design_1_cameralink_to_axis_0_1.upgrade_log'.
Scanning sources...
Finished scanning sources
INFO: [IP_Flow 19-234] Refreshing IP repositories
INFO: [IP_Flow 19-1700] Loaded user IP repository '/home/subhagato/Codes/smartheadlight_fpga/CameraLinkToAXI_IP'.
INFO: [IP_Flow 19-2313] Loaded Vivado IP repository '/opt/Xilinx/Vivado/2014.4/data/ip'.
open_project: Time (s): cpu = 00:00:20 ; elapsed = 00:00:06 . Memory (MB): peak = 5823.270 ; gain = 163.715 ; free physical = 12454 ; free virtual = 19367
open_bd_design {/home/subhagato/Codes/smartheadlight_fpga/CameraLinkTest/CameraLinkTest.srcs/sources_1/bd/design_1/design_1.bd}
Adding component instance block -- xilinx.com:ip:xlconstant:1.1 - xlconstant_0
Adding component instance block -- Xilinx.com:user:cameralink_to_axis:1.0 - cameralink_to_axis_0
Adding component instance block -- xilinx.com:ip:v_tc:6.1 - v_tc_0
Adding component instance block -- xilinx.com:ip:ila:5.0 - ila_1
Adding component instance block -- xilinx.com:ip:ila:5.0 - ila_0
Successfully read diagram <design_1> from BD file </home/subhagato/Codes/smartheadlight_fpga/CameraLinkTest/CameraLinkTest.srcs/sources_1/bd/design_1/design_1.bd>
delete_bd_objs [get_bd_nets cameralink_to_axis_0_vtd_vblank] [get_bd_nets cameralink_to_axis_0_vtd_hsync] [get_bd_nets cameralink_to_axis_0_vtd_vsync] [get_bd_nets cameralink_to_axis_0_m_axis_video_tdata] [get_bd_nets cameralink_to_axis_0_m_axis_video_tlast] [get_bd_nets cameralink_to_axis_0_m_axis_video_tuser] [get_bd_nets cameralink_to_axis_0_m_axis_video_tvalid] [get_bd_nets cameralink_to_axis_0_vtd_active_video] [get_bd_nets cameralink_to_axis_0_vtd_hblank] [get_bd_cells ila_0]
startgroup
set_property -dict [list CONFIG.C_PROBE5_WIDTH {80} CONFIG.C_NUM_OF_PROBES {14}] [get_bd_cells ila_1]
endgroup
connect_bd_net [get_bd_pins cameralink_to_axis_0/m_axis_video_tdata] [get_bd_pins ila_1/probe5]
WARNING: [BD 41-1306] The connection to interface pin /cameralink_to_axis_0/m_axis_video_tdata is being overridden by the user. This pin will not be connected as a part of interface connection m_axis_video
connect_bd_net [get_bd_pins cameralink_to_axis_0/m_axis_video_tlast] [get_bd_pins ila_1/probe6]
WARNING: [BD 41-1306] The connection to interface pin /cameralink_to_axis_0/m_axis_video_tlast is being overridden by the user. This pin will not be connected as a part of interface connection m_axis_video
connect_bd_net [get_bd_pins cameralink_to_axis_0/m_axis_video_tuser] [get_bd_pins ila_1/probe7]
WARNING: [BD 41-1306] The connection to interface pin /cameralink_to_axis_0/m_axis_video_tuser is being overridden by the user. This pin will not be connected as a part of interface connection m_axis_video
connect_bd_net [get_bd_pins cameralink_to_axis_0/m_axis_video_tvalid] [get_bd_pins ila_1/probe8]
WARNING: [BD 41-1306] The connection to interface pin /cameralink_to_axis_0/m_axis_video_tvalid is being overridden by the user. This pin will not be connected as a part of interface connection m_axis_video
connect_bd_net [get_bd_pins cameralink_to_axis_0/vtd_active_video] [get_bd_pins ila_1/probe9]
WARNING: [BD 41-1306] The connection to interface pin /cameralink_to_axis_0/vtd_active_video is being overridden by the user. This pin will not be connected as a part of interface connection vtd
connect_bd_net [get_bd_pins cameralink_to_axis_0/vtd_hblank] [get_bd_pins ila_1/probe10]
WARNING: [BD 41-1306] The connection to interface pin /cameralink_to_axis_0/vtd_hblank is being overridden by the user. This pin will not be connected as a part of interface connection vtd
connect_bd_net [get_bd_pins cameralink_to_axis_0/vtd_vblank] [get_bd_pins ila_1/probe11]
WARNING: [BD 41-1306] The connection to interface pin /cameralink_to_axis_0/vtd_vblank is being overridden by the user. This pin will not be connected as a part of interface connection vtd
connect_bd_net [get_bd_pins cameralink_to_axis_0/vtd_hsync] [get_bd_pins ila_1/probe12]
WARNING: [BD 41-1306] The connection to interface pin /cameralink_to_axis_0/vtd_hsync is being overridden by the user. This pin will not be connected as a part of interface connection vtd
connect_bd_net [get_bd_pins cameralink_to_axis_0/vtd_vsync] [get_bd_pins ila_1/probe13]
WARNING: [BD 41-1306] The connection to interface pin /cameralink_to_axis_0/vtd_vsync is being overridden by the user. This pin will not be connected as a part of interface connection vtd
save_bd_design
Wrote  : </home/subhagato/Codes/smartheadlight_fpga/CameraLinkTest/CameraLinkTest.srcs/sources_1/bd/design_1/design_1.bd> 
reset_run synth_2
launch_runs impl_2 -to_step write_bitstream
WARNING: [BD 41-1271] The connection to the pin: /cameralink_to_axis_0/vtd_vsync has been overridden by the user. This pin will not be connected as a part of the interface connection: cameralink_to_axis_0_vtd 
WARNING: [BD 41-1271] The connection to the pin: /cameralink_to_axis_0/vtd_hsync has been overridden by the user. This pin will not be connected as a part of the interface connection: cameralink_to_axis_0_vtd 
WARNING: [BD 41-1271] The connection to the pin: /cameralink_to_axis_0/vtd_active_video has been overridden by the user. This pin will not be connected as a part of the interface connection: cameralink_to_axis_0_vtd 
WARNING: [BD 41-1271] The connection to the pin: /cameralink_to_axis_0/vtd_vblank has been overridden by the user. This pin will not be connected as a part of the interface connection: cameralink_to_axis_0_vtd 
WARNING: [BD 41-1271] The connection to the pin: /cameralink_to_axis_0/vtd_hblank has been overridden by the user. This pin will not be connected as a part of the interface connection: cameralink_to_axis_0_vtd 
INFO: [BD 41-1379] This design does not contain any processor.
Generated Block Design Tcl file /home/subhagato/Codes/smartheadlight_fpga/CameraLinkTest/CameraLinkTest.srcs/sources_1/bd/design_1/hw_handoff/design_1_bd.tcl
Exporting to file /home/subhagato/Codes/smartheadlight_fpga/CameraLinkTest/CameraLinkTest.srcs/sources_1/bd/design_1/hw_handoff/design_1.hwh
Verilog Output written to : design_1.v
Verilog Output written to : design_1_wrapper.v
Wrote  : </home/subhagato/Codes/smartheadlight_fpga/CameraLinkTest/CameraLinkTest.srcs/sources_1/bd/design_1/design_1.bd> 
INFO: [IP_Flow 19-1706] Not generating 'Synthesis' target for IP 'design_1_xlconstant_0_0'. Target already exists and is up to date.
INFO: [BD 41-1029] Generation completed for the IP Integrator block xlconstant_0 .
INFO: [IP_Flow 19-1706] Not generating 'Synthesis' target for IP 'design_1_cameralink_to_axis_0_0'. Target already exists and is up to date.
INFO: [IP_Flow 19-1706] Not generating 'Synthesis' target for IP 'design_1_cameralink_to_axis_0_0/v_vid_in_axi4s_0'. Target already exists and is up to date.
INFO: [BD 41-1029] Generation completed for the IP Integrator block cameralink_to_axis_0 .
INFO: [IP_Flow 19-1706] Not generating 'Synthesis' target for IP 'design_1_v_tc_0_0'. Target already exists and is up to date.
INFO: [BD 41-1029] Generation completed for the IP Integrator block v_tc_0 .
INFO: [IP_Flow 19-1686] Generating 'Synthesis' target for IP 'design_1_ila_1_0'...
INFO: [BD 41-1029] Generation completed for the IP Integrator block ila_1 .
WARNING: [BD 41-1271] The connection to the pin: /cameralink_to_axis_0/vtd_vsync has been overridden by the user. This pin will not be connected as a part of the interface connection: cameralink_to_axis_0_vtd 
WARNING: [BD 41-1271] The connection to the pin: /cameralink_to_axis_0/vtd_hsync has been overridden by the user. This pin will not be connected as a part of the interface connection: cameralink_to_axis_0_vtd 
WARNING: [BD 41-1271] The connection to the pin: /cameralink_to_axis_0/vtd_active_video has been overridden by the user. This pin will not be connected as a part of the interface connection: cameralink_to_axis_0_vtd 
WARNING: [BD 41-1271] The connection to the pin: /cameralink_to_axis_0/vtd_vblank has been overridden by the user. This pin will not be connected as a part of the interface connection: cameralink_to_axis_0_vtd 
WARNING: [BD 41-1271] The connection to the pin: /cameralink_to_axis_0/vtd_hblank has been overridden by the user. This pin will not be connected as a part of the interface connection: cameralink_to_axis_0_vtd 
INFO: [BD 41-1379] This design does not contain any processor.
Generated Block Design Tcl file /home/subhagato/Codes/smartheadlight_fpga/CameraLinkTest/CameraLinkTest.srcs/sources_1/bd/design_1/hw_handoff/design_1_bd.tcl
Exporting to file /home/subhagato/Codes/smartheadlight_fpga/CameraLinkTest/CameraLinkTest.srcs/sources_1/bd/design_1/hw_handoff/design_1.hwh
Verilog Output written to : design_1.v
Verilog Output written to : design_1_wrapper.v
Wrote  : </home/subhagato/Codes/smartheadlight_fpga/CameraLinkTest/CameraLinkTest.srcs/sources_1/bd/design_1/design_1.bd> 
INFO: [IP_Flow 19-1706] Not generating 'Synthesis' target for IP 'design_1_xlconstant_0_0'. Target already exists and is up to date.
INFO: [BD 41-1029] Generation completed for the IP Integrator block xlconstant_0 .
INFO: [IP_Flow 19-1706] Not generating 'Synthesis' target for IP 'design_1_cameralink_to_axis_0_0'. Target already exists and is up to date.
INFO: [IP_Flow 19-1706] Not generating 'Synthesis' target for IP 'design_1_cameralink_to_axis_0_0/v_vid_in_axi4s_0'. Target already exists and is up to date.
INFO: [BD 41-1029] Generation completed for the IP Integrator block cameralink_to_axis_0 .
INFO: [IP_Flow 19-1706] Not generating 'Synthesis' target for IP 'design_1_v_tc_0_0'. Target already exists and is up to date.
INFO: [BD 41-1029] Generation completed for the IP Integrator block v_tc_0 .
INFO: [IP_Flow 19-1706] Not generating 'Synthesis' target for IP 'design_1_ila_1_0'. Target already exists and is up to date.
INFO: [BD 41-1029] Generation completed for the IP Integrator block ila_1 .
[Fri Jun 26 15:38:57 2015] Launched synth_2...
Run output will be captured here: /home/subhagato/Codes/smartheadlight_fpga/CameraLinkTest/CameraLinkTest.runs/synth_2/runme.log
[Fri Jun 26 15:38:57 2015] Launched impl_2...
Run output will be captured here: /home/subhagato/Codes/smartheadlight_fpga/CameraLinkTest/CameraLinkTest.runs/impl_2/runme.log
launch_runs: Time (s): cpu = 00:00:09 ; elapsed = 00:00:06 . Memory (MB): peak = 5931.223 ; gain = 30.023 ; free physical = 12235 ; free virtual = 19184
open_hw
INFO: [Labtools 27-2285] Connecting to hw_server url TCP:localhost:3121
INFO: [Labtools 27-2222] Launching hw_server...
INFO: [Labtools 27-2221] Launch Output:

****** Xilinx hw_server v2014.4
  **** Build date : Nov 18 2014-16:45:43
    ** Copyright 1986-1999, 2001-2014 Xilinx, Inc. All Rights Reserved.

INFO: hw_server application started
INFO: Use Ctrl-C to exit hw_server application


connect_hw_server -url localhost:3121
INFO: [Labtools 27-2285] Connecting to hw_server url TCP:localhost:3121
current_hw_target [get_hw_targets */xilinx_tcf/Xilinx/000015e0f14001]
set_property PARAM.FREQUENCY 6000000 [get_hw_targets */xilinx_tcf/Xilinx/000015e0f14001]
open_hw_target
INFO: [Labtoolstcl 44-466] Opening hw_target localhost:3121/xilinx_tcf/Xilinx/000015e0f14001
set_property PROGRAM.FILE {/home/subhagato/Codes/smartheadlight_fpga/CameraLinkTest/CameraLinkTest.runs/impl_2/design_1_wrapper.bit} [lindex [get_hw_devices] 1]
set_property PROBES.FILE {/home/subhagato/Codes/smartheadlight_fpga/CameraLinkTest/CameraLinkTest.runs/impl_2/debug_nets.ltx} [lindex [get_hw_devices] 1]
current_hw_device [lindex [get_hw_devices] 1]
refresh_hw_device [lindex [get_hw_devices] 1]
INFO: [Labtools 27-1435] Device xc7z030 (JTAG device index = 1) is not programmed (DONE status = 0).
set_property PROBES.FILE {/home/subhagato/Codes/smartheadlight_fpga/CameraLinkTest/CameraLinkTest.runs/impl_2/debug_nets.ltx} [lindex [get_hw_devices] 1]
set_property PROGRAM.FILE {/home/subhagato/Codes/smartheadlight_fpga/CameraLinkTest/CameraLinkTest.runs/impl_2/design_1_wrapper.bit} [lindex [get_hw_devices] 1]
program_hw_devices [lindex [get_hw_devices] 1]
INFO: [Labtools 27-32] Done pin status: HIGH
program_hw_devices: Time (s): cpu = 00:00:17 ; elapsed = 00:00:17 . Memory (MB): peak = 5957.012 ; gain = 0.000 ; free physical = 11911 ; free virtual = 19063
refresh_hw_device [lindex [get_hw_devices] 1]
INFO: [Labtools 27-2302] Device xc7z030 (JTAG device index = 1) is programmed with a design that has 2 ILA core(s).
run_hw_ila hw_ila_1
INFO: [Labtools 27-1964] The ILA core 'hw_ila_1' trigger was armed at 2015-Jun-26 16:01:02
wait_on_hw_ila -timeout 0 hw_ila_1
upload_hw_ila_data hw_ila_1
INFO: [Labtools 27-1965] The ILA core 'hw_ila_1' trigger was stopped by user at 2015-Jun-26 16:01:22
WARNING: [Labtools 27-157] hw_ila [hw_ila_1] stopped. No data to upload.
close_hw
****** Webtalk v2014.4 (64-bit)
  **** SW Build 1071353 on Tue Nov 18 16:47:07 MST 2014
  **** IP Build 1070531 on Tue Nov 18 01:10:18 MST 2014
    ** Copyright 1986-2014 Xilinx, Inc. All Rights Reserved.

source /home/subhagato/Codes/smartheadlight_fpga/CameraLinkTest/CameraLinkTest.hw/webtalk/labtool_webtalk.tcl -notrace
INFO: [Common 17-186] '/home/subhagato/Codes/smartheadlight_fpga/CameraLinkTest/CameraLinkTest.hw/webtalk/usage_statistics_ext_labtool.xml' has been successfully sent to Xilinx on Fri Jun 26 12:29:11 2015. For additional details about this file, please refer to the WebTalk help file at /opt/Xilinx/Vivado/2014.4/doc/webtalk_introduction.html.
INFO: [Common 17-206] Exiting Webtalk at Fri Jun 26 12:29:11 2015...
close_hw: Time (s): cpu = 00:00:00.66 ; elapsed = 00:00:06 . Memory (MB): peak = 5977.051 ; gain = 2.027 ; free physical = 11888 ; free virtual = 19053
ERROR: [Vivado 12-106] *** Exception: java.lang.ClassCastException: sun.awt.image.BufImgSurfaceData cannot be cast to sun.java2d.xr.XRSurfaceData (See /home/subhagato/Codes/smartheadlight_fpga/CameraLinkTest/vivado_pid4735.debug)
ERROR: [Vivado 12-106] *** Exception: java.lang.ClassCastException: sun.awt.image.BufImgSurfaceData cannot be cast to sun.java2d.xr.XRSurfaceData (See /home/subhagato/Codes/smartheadlight_fpga/CameraLinkTest/vivado_pid4735.debug)
ERROR: [Vivado 12-106] *** Exception: java.lang.ClassCastException: sun.awt.image.BufImgSurfaceData cannot be cast to sun.java2d.xr.XRSurfaceData (See /home/subhagato/Codes/smartheadlight_fpga/CameraLinkTest/vivado_pid4735.debug)
ERROR: [Vivado 12-106] *** Exception: java.lang.ClassCastException: sun.awt.image.BufImgSurfaceData cannot be cast to sun.java2d.xr.XRSurfaceData (See /home/subhagato/Codes/smartheadlight_fpga/CameraLinkTest/vivado_pid4735.debug)
ERROR: [Vivado 12-106] *** Exception: java.lang.ClassCastException: sun.awt.image.BufImgSurfaceData cannot be cast to sun.java2d.xr.XRSurfaceData (See /home/subhagato/Codes/smartheadlight_fpga/CameraLinkTest/vivado_pid4735.debug)
ERROR: [Vivado 12-106] *** Exception: java.lang.ClassCastException: sun.awt.image.BufImgSurfaceData cannot be cast to sun.java2d.xr.XRSurfaceData (See /home/subhagato/Codes/smartheadlight_fpga/CameraLinkTest/vivado_pid4735.debug)
exit
INFO: [Common 17-206] Exiting Vivado at Fri Jun 26 16:01:54 2015...
