#-----------------------------------------------------------
# Vivado v2014.4 (64-bit)
# SW Build 1071353 on Tue Nov 18 16:47:07 MST 2014
# IP Build 1070531 on Tue Nov 18 01:10:18 MST 2014
# Start of session at: Fri Jun 26 16:25:19 2015
# Process ID: 9381
# Log file: /home/subhagato/Codes/smartheadlight_fpga/CameraLinkTest/vivado.log
# Journal file: /home/subhagato/Codes/smartheadlight_fpga/CameraLinkTest/vivado.jou
#-----------------------------------------------------------
start_gui
open_project /home/subhagato/Codes/smartheadlight_fpga/CameraLinkTest/CameraLinkTest.xpr
CRITICAL WARNING: [Project 1-19] Could not find the file '/home/subhagato/Codes/smartheadlight_fpga/CameraLinkTest/CameraLinkTest.srcs/sources_1/bd/design_1/ip/design_1_cameralink_to_axis_0_1/design_1_cameralink_to_axis_0_1.upgrade_log'.
Scanning sources...
Finished scanning sources
INFO: [IP_Flow 19-234] Refreshing IP repositories
INFO: [IP_Flow 19-1700] Loaded user IP repository '/home/subhagato/Codes/smartheadlight_fpga/CameraLinkToAXI_IP'.
INFO: [IP_Flow 19-2313] Loaded Vivado IP repository '/opt/Xilinx/Vivado/2014.4/data/ip'.
open_project: Time (s): cpu = 00:00:22 ; elapsed = 00:00:06 . Memory (MB): peak = 5816.047 ; gain = 156.453 ; free physical = 11915 ; free virtual = 19190
open_hw
INFO: [Labtools 27-2285] Connecting to hw_server url TCP:localhost:3121
INFO: [Labtools 27-2222] Launching hw_server...
INFO: [Labtools 27-2221] Launch Output:

****** Xilinx hw_server v2014.4
  **** Build date : Nov 18 2014-16:45:43
    ** Copyright 1986-1999, 2001-2014 Xilinx, Inc. All Rights Reserved.

INFO: hw_server application started
INFO: Use Ctrl-C to exit hw_server application


connect_hw_server -url localhost:3121
INFO: [Labtools 27-2285] Connecting to hw_server url TCP:localhost:3121
current_hw_target [get_hw_targets */xilinx_tcf/Xilinx/000015e0f14001]
set_property PARAM.FREQUENCY 6000000 [get_hw_targets */xilinx_tcf/Xilinx/000015e0f14001]
open_hw_target
INFO: [Labtoolstcl 44-466] Opening hw_target localhost:3121/xilinx_tcf/Xilinx/000015e0f14001
set_property PROGRAM.FILE {/home/subhagato/Codes/smartheadlight_fpga/CameraLinkTest/CameraLinkTest.runs/impl_2/design_1_wrapper.bit} [lindex [get_hw_devices] 1]
set_property PROBES.FILE {/home/subhagato/Codes/smartheadlight_fpga/CameraLinkTest/CameraLinkTest.runs/impl_2/debug_nets.ltx} [lindex [get_hw_devices] 1]
current_hw_device [lindex [get_hw_devices] 1]
refresh_hw_device [lindex [get_hw_devices] 1]
INFO: [Labtools 27-2302] Device xc7z030 (JTAG device index = 1) is programmed with a design that has 2 ILA core(s).
run_hw_ila hw_ila_1
INFO: [Labtools 27-1964] The ILA core 'hw_ila_1' trigger was armed at 2015-Jun-26 16:27:05
wait_on_hw_ila hw_ila_1
display_hw_ila_data [upload_hw_ila_data hw_ila_1]
INFO: [Labtools 27-1966] The ILA core 'hw_ila_1' triggered at 2015-Jun-26 16:27:05
WARNING: Simulation object design_1_i/axis_dwidth_converter_0_m_axis_tdata was not found in the design.
WARNING: Simulation object design_1_i/axis_dwidth_converter_0_m_axis_tdata[23] was not found in the design.
WARNING: Simulation object design_1_i/axis_dwidth_converter_0_m_axis_tdata[22] was not found in the design.
WARNING: Simulation object design_1_i/axis_dwidth_converter_0_m_axis_tdata[21] was not found in the design.
WARNING: Simulation object design_1_i/axis_dwidth_converter_0_m_axis_tdata[20] was not found in the design.
WARNING: Simulation object design_1_i/axis_dwidth_converter_0_m_axis_tdata[19] was not found in the design.
WARNING: Simulation object design_1_i/axis_dwidth_converter_0_m_axis_tdata[18] was not found in the design.
WARNING: Simulation object design_1_i/axis_dwidth_converter_0_m_axis_tdata[17] was not found in the design.
WARNING: Simulation object design_1_i/axis_dwidth_converter_0_m_axis_tdata[16] was not found in the design.
WARNING: Simulation object design_1_i/axis_dwidth_converter_0_m_axis_tdata[15] was not found in the design.
WARNING: Simulation object design_1_i/axis_dwidth_converter_0_m_axis_tdata[14] was not found in the design.
WARNING: Simulation object design_1_i/axis_dwidth_converter_0_m_axis_tdata[13] was not found in the design.
WARNING: Simulation object design_1_i/axis_dwidth_converter_0_m_axis_tdata[12] was not found in the design.
WARNING: Simulation object design_1_i/axis_dwidth_converter_0_m_axis_tdata[11] was not found in the design.
WARNING: Simulation object design_1_i/axis_dwidth_converter_0_m_axis_tdata[10] was not found in the design.
WARNING: Simulation object design_1_i/axis_dwidth_converter_0_m_axis_tdata[9] was not found in the design.
WARNING: Simulation object design_1_i/axis_dwidth_converter_0_m_axis_tdata[8] was not found in the design.
WARNING: Simulation object design_1_i/axis_dwidth_converter_0_m_axis_tdata[7] was not found in the design.
WARNING: Simulation object design_1_i/axis_dwidth_converter_0_m_axis_tdata[6] was not found in the design.
WARNING: Simulation object design_1_i/axis_dwidth_converter_0_m_axis_tdata[5] was not found in the design.
WARNING: Simulation object design_1_i/axis_dwidth_converter_0_m_axis_tdata[4] was not found in the design.
WARNING: Simulation object design_1_i/axis_dwidth_converter_0_m_axis_tdata[3] was not found in the design.
WARNING: Simulation object design_1_i/axis_dwidth_converter_0_m_axis_tdata[2] was not found in the design.
WARNING: Simulation object design_1_i/axis_dwidth_converter_0_m_axis_tdata[1] was not found in the design.
WARNING: Simulation object design_1_i/axis_dwidth_converter_0_m_axis_tdata[0] was not found in the design.
WARNING: Simulation object design_1_i/axis_dwidth_converter_0_m_axis_tvalid was not found in the design.
WARNING: Simulation object design_1_i/axis_dwidth_converter_0_m_axis_tvalid was not found in the design.
WARNING: Simulation object design_1_i/axis_dwidth_converter_0_m_axis_tlast was not found in the design.
WARNING: Simulation object design_1_i/axis_dwidth_converter_0_m_axis_tkeep was not found in the design.
